<?xml version="1.0" ?>
<coverage branch-rate="1" line-rate="1" timestamp="1521832371774" version="4.3.4">
	<!-- Generated by coverage.py: https://coverage.readthedocs.io -->
	<!-- Based on https://raw.githubusercontent.com/cobertura/web/f0366e5e2cf18f111cbd61fc34ef720a6584ba02/htdocs/xml/coverage-03.dtd -->
	<sources>
		<source>/Users/leonhelwerda/docker-dashboard/bigboat</source>
	</sources>
	<packages>
		<package branch-rate="1" complexity="0" line-rate="1" name="bigboat">
			<classes>
				<class branch-rate="1" complexity="0" filename="bigboat/__init__.py" line-rate="1" name="__init__.py">
					<methods/>
					<lines>
						<line hits="1" number="19"/>
						<line hits="1" number="21"/>
					</lines>
				</class>
				<class branch-rate="1" complexity="0" filename="bigboat/application.py" line-rate="1" name="application.py">
					<methods/>
					<lines>
						<line hits="1" number="19"/>
						<line hits="1" number="20"/>
						<line branch="true" condition-coverage="100% (2/2)" hits="1" number="22"/>
						<line hits="1" number="23"/>
						<line hits="1" number="28"/>
						<line hits="1" number="29"/>
						<line hits="1" number="31"/>
						<line hits="1" number="32"/>
						<line hits="1" number="34"/>
						<line hits="1" number="39"/>
						<line hits="1" number="41"/>
						<line hits="1" number="46"/>
						<line hits="1" number="48"/>
						<line branch="true" condition-coverage="100% (2/2)" hits="1" number="63"/>
						<line hits="1" number="64"/>
						<line hits="1" number="66"/>
						<line hits="1" number="69"/>
						<line hits="1" number="70"/>
					</lines>
				</class>
				<class branch-rate="1" complexity="0" filename="bigboat/client.py" line-rate="1" name="client.py">
					<methods/>
					<lines>
						<line hits="1" number="19"/>
						<line hits="1" number="20"/>
						<line hits="1" number="21"/>
						<line hits="1" number="22"/>
						<line hits="1" number="23"/>
						<line hits="1" number="24"/>
						<line hits="1" number="25"/>
						<line hits="1" number="27"/>
						<line hits="1" number="32"/>
						<line hits="1" number="33"/>
						<line hits="1" number="34"/>
						<line hits="1" number="36"/>
						<line hits="1" number="42"/>
						<line hits="1" number="44"/>
						<line hits="1" number="52"/>
						<line hits="1" number="54"/>
						<line hits="1" number="68"/>
						<line hits="1" number="70"/>
						<line hits="1" number="83"/>
						<line hits="1" number="85"/>
						<line hits="1" number="97"/>
						<line hits="1" number="99"/>
						<line hits="1" number="107"/>
						<line hits="1" number="109"/>
						<line hits="1" number="121"/>
						<line hits="1" number="123"/>
						<line hits="1" number="138"/>
						<line hits="1" number="140"/>
						<line hits="1" number="152"/>
						<line hits="1" number="154"/>
						<line hits="1" number="159"/>
						<line hits="1" number="160"/>
						<line hits="1" number="162"/>
						<line hits="1" number="163"/>
						<line hits="1" number="165"/>
						<line hits="1" number="166"/>
						<line hits="1" number="168"/>
						<line hits="1" number="170"/>
						<line hits="1" number="172"/>
						<line hits="1" number="174"/>
						<line hits="1" number="175"/>
						<line hits="1" number="176"/>
						<line hits="1" number="177"/>
						<line hits="1" number="179"/>
						<line hits="1" number="181"/>
						<line hits="1" number="183"/>
						<line hits="1" number="186"/>
						<line hits="1" number="188"/>
						<line hits="1" number="190"/>
						<line branch="true" condition-coverage="100% (2/2)" hits="1" number="192"/>
						<line hits="1" number="193"/>
						<line hits="1" number="195"/>
						<line hits="1" number="197"/>
						<line hits="1" number="199"/>
						<line branch="true" condition-coverage="100% (2/2)" hits="1" number="201"/>
						<line hits="1" number="202"/>
						<line hits="1" number="204"/>
						<line hits="1" number="205"/>
						<line hits="1" number="207"/>
						<line hits="1" number="209"/>
						<line branch="true" condition-coverage="100% (2/2)" hits="1" number="211"/>
						<line hits="1" number="212"/>
						<line hits="1" number="214"/>
						<line hits="1" number="216"/>
						<line hits="1" number="218"/>
						<line hits="1" number="220"/>
						<line branch="true" condition-coverage="100% (2/2)" hits="1" number="222"/>
						<line hits="1" number="223"/>
						<line hits="1" number="225"/>
						<line hits="1" number="228"/>
						<line hits="1" number="230"/>
						<line branch="true" condition-coverage="100% (2/2)" hits="1" number="232"/>
						<line hits="1" number="233"/>
						<line hits="1" number="235"/>
						<line hits="1" number="237"/>
						<line hits="1" number="242"/>
						<line hits="1" number="243"/>
						<line hits="1" number="244"/>
						<line hits="1" number="245"/>
						<line hits="1" number="246"/>
						<line hits="1" number="248"/>
						<line hits="1" number="249"/>
						<line hits="1" number="251"/>
						<line hits="1" number="252"/>
						<line hits="1" number="254"/>
						<line hits="1" number="255"/>
						<line branch="true" condition-coverage="100% (2/2)" hits="1" number="256"/>
						<line hits="1" number="257"/>
						<line branch="true" condition-coverage="100% (2/2)" hits="1" number="258"/>
						<line hits="1" number="259"/>
						<line hits="1" number="261"/>
						<line hits="1" number="264"/>
						<line hits="1" number="265"/>
						<line hits="1" number="267"/>
						<line branch="true" condition-coverage="100% (2/2)" hits="1" number="270"/>
						<line branch="true" condition-coverage="100% (2/2)" hits="1" number="271"/>
						<line hits="1" number="272"/>
						<line hits="1" number="273"/>
						<line hits="1" number="275"/>
						<line branch="true" condition-coverage="100% (2/2)" hits="1" number="278"/>
						<line hits="1" number="279"/>
						<line hits="1" number="280"/>
						<line hits="1" number="282"/>
						<line hits="1" number="283"/>
						<line hits="1" number="285"/>
						<line hits="1" number="287"/>
						<line hits="1" number="288"/>
						<line hits="1" number="289"/>
						<line hits="1" number="291"/>
						<line hits="1" number="293"/>
						<line hits="1" number="294"/>
						<line branch="true" condition-coverage="100% (2/2)" hits="1" number="295"/>
						<line hits="1" number="296"/>
						<line hits="1" number="298"/>
						<line hits="1" number="300"/>
						<line hits="1" number="302"/>
						<line hits="1" number="303"/>
						<line hits="1" number="304"/>
						<line hits="1" number="305"/>
						<line hits="1" number="307"/>
						<line hits="1" number="308"/>
						<line hits="1" number="310"/>
						<line hits="1" number="312"/>
						<line hits="1" number="313"/>
						<line branch="true" condition-coverage="100% (2/2)" hits="1" number="314"/>
						<line hits="1" number="315"/>
						<line hits="1" number="317"/>
						<line hits="1" number="319"/>
						<line hits="1" number="334"/>
						<line hits="1" number="335"/>
						<line hits="1" number="336"/>
						<line branch="true" condition-coverage="100% (2/2)" hits="1" number="337"/>
						<line hits="1" number="338"/>
						<line hits="1" number="340"/>
						<line branch="true" condition-coverage="100% (2/2)" hits="1" number="341"/>
						<line hits="1" number="342"/>
						<line hits="1" number="344"/>
						<line hits="1" number="346"/>
						<line hits="1" number="366"/>
						<line hits="1" number="367"/>
						<line hits="1" number="368"/>
						<line branch="true" condition-coverage="100% (2/2)" hits="1" number="369"/>
						<line hits="1" number="370"/>
						<line branch="true" condition-coverage="100% (2/2)" hits="1" number="372"/>
						<line hits="1" number="373"/>
						<line hits="1" number="375"/>
						<line hits="1" number="377"/>
						<line branch="true" condition-coverage="100% (2/2)" hits="1" number="378"/>
						<line hits="1" number="379"/>
						<line hits="1" number="381"/>
						<line hits="1" number="383"/>
						<line hits="1" number="385"/>
						<line hits="1" number="387"/>
						<line hits="1" number="392"/>
						<line hits="1" number="394"/>
						<line hits="1" number="395"/>
						<line hits="1" number="396"/>
						<line hits="1" number="398"/>
						<line hits="1" number="400"/>
						<line hits="1" number="401"/>
						<line branch="true" condition-coverage="100% (2/2)" hits="1" number="403"/>
						<line hits="1" number="404"/>
						<line hits="1" number="406"/>
						<line hits="1" number="408"/>
						<line hits="1" number="410"/>
						<line hits="1" number="416"/>
						<line hits="1" number="418"/>
						<line hits="1" number="420"/>
						<line hits="1" number="422"/>
						<line hits="1" number="424"/>
						<line hits="1" number="426"/>
						<line hits="1" number="428"/>
						<line hits="1" number="430"/>
						<line hits="1" number="438"/>
						<line hits="1" number="439"/>
						<line hits="1" number="440"/>
					</lines>
				</class>
				<class branch-rate="1" complexity="0" filename="bigboat/entity.py" line-rate="1" name="entity.py">
					<methods/>
					<lines>
						<line hits="1" number="19"/>
						<line hits="1" number="20"/>
						<line branch="true" condition-coverage="100% (2/2)" hits="1" number="22"/>
						<line hits="1" number="23"/>
						<line hits="1" number="28"/>
						<line hits="1" number="29"/>
						<line hits="1" number="31"/>
						<line hits="1" number="41"/>
						<line hits="1" number="43"/>
						<line hits="1" number="52"/>
						<line hits="1" number="54"/>
						<line hits="1" number="55"/>
					</lines>
				</class>
				<class branch-rate="1" complexity="0" filename="bigboat/instance.py" line-rate="1" name="instance.py">
					<methods/>
					<lines>
						<line hits="1" number="19"/>
						<line hits="1" number="20"/>
						<line branch="true" condition-coverage="100% (2/2)" hits="1" number="22"/>
						<line hits="1" number="24"/>
						<line hits="1" number="29"/>
						<line hits="1" number="30"/>
						<line hits="1" number="31"/>
						<line hits="1" number="32"/>
						<line hits="1" number="33"/>
						<line hits="1" number="34"/>
						<line hits="1" number="35"/>
						<line hits="1" number="37"/>
						<line hits="1" number="38"/>
						<line hits="1" number="40"/>
						<line branch="true" condition-coverage="100% (2/2)" hits="1" number="45"/>
						<line hits="1" number="46"/>
						<line hits="1" number="48"/>
						<line hits="1" number="53"/>
						<line hits="1" number="58"/>
						<line hits="1" number="60"/>
						<line hits="1" number="61"/>
						<line hits="1" number="70"/>
						<line hits="1" number="72"/>
					</lines>
				</class>
				<class branch-rate="1" complexity="0" filename="bigboat/utils.py" line-rate="1" name="utils.py">
					<methods/>
					<lines>
						<line hits="1" number="19"/>
						<line hits="1" number="20"/>
						<line hits="1" number="22"/>
						<line branch="true" condition-coverage="100% (2/2)" hits="1" number="39"/>
						<line hits="1" number="40"/>
						<line hits="1" number="42"/>
						<line hits="1" number="44"/>
						<line hits="1" number="46"/>
						<line hits="1" number="57"/>
						<line hits="1" number="58"/>
						<line branch="true" condition-coverage="100% (2/2)" hits="1" number="60"/>
						<line hits="1" number="61"/>
						<line branch="true" condition-coverage="100% (2/2)" hits="1" number="63"/>
						<line hits="1" number="64"/>
						<line hits="1" number="67"/>
						<line hits="1" number="69"/>
						<line hits="1" number="71"/>
						<line branch="true" condition-coverage="100% (2/2)" hits="1" number="80"/>
						<line hits="1" number="82"/>
						<line hits="1" number="83"/>
						<line hits="1" number="85"/>
						<line branch="true" condition-coverage="100% (2/2)" hits="1" number="86"/>
						<line hits="1" number="87"/>
						<line hits="1" number="89"/>
						<line branch="true" condition-coverage="100% (2/2)" hits="1" number="92"/>
						<line hits="1" number="93"/>
						<line branch="true" condition-coverage="100% (2/2)" hits="1" number="94"/>
						<line hits="1" number="95"/>
						<line hits="1" number="97"/>
						<line hits="1" number="99"/>
						<line hits="1" number="115"/>
						<line hits="1" number="121"/>
						<line hits="1" number="123"/>
						<line hits="1" number="124"/>
						<line hits="1" number="125"/>
						<line hits="1" number="127"/>
						<line hits="1" number="142"/>
						<line hits="1" number="143"/>
						<line hits="1" number="144"/>
						<line hits="1" number="146"/>
						<line hits="1" number="152"/>
						<line hits="1" number="154"/>
						<line branch="true" condition-coverage="100% (2/2)" hits="1" number="155"/>
						<line hits="1" number="156"/>
						<line branch="true" condition-coverage="100% (2/2)" hits="1" number="157"/>
						<line hits="1" number="158"/>
						<line hits="1" number="160"/>
					</lines>
				</class>
			</classes>
		</package>
		<package branch-rate="1" complexity="0" line-rate="1" name="tests">
			<classes>
				<class branch-rate="1" complexity="0" filename="tests/__init__.py" line-rate="1" name="__init__.py">
					<methods/>
					<lines>
						<line hits="1" number="19"/>
					</lines>
				</class>
				<class branch-rate="1" complexity="0" filename="tests/application.py" line-rate="1" name="application.py">
					<methods/>
					<lines>
						<line hits="1" number="19"/>
						<line hits="1" number="20"/>
						<line hits="1" number="21"/>
						<line hits="1" number="22"/>
						<line hits="1" number="24"/>
						<line hits="1" number="29"/>
						<line hits="1" number="30"/>
						<line hits="1" number="31"/>
						<line hits="1" number="33"/>
						<line hits="1" number="38"/>
						<line hits="1" number="39"/>
						<line hits="1" number="40"/>
						<line hits="1" number="42"/>
						<line hits="1" number="47"/>
						<line hits="1" number="48"/>
						<line hits="1" number="49"/>
						<line hits="1" number="51"/>
						<line hits="1" number="56"/>
						<line hits="1" number="57"/>
						<line hits="1" number="59"/>
						<line hits="1" number="61"/>
						<line hits="1" number="62"/>
						<line hits="1" number="63"/>
						<line hits="1" number="67"/>
						<line hits="1" number="72"/>
					</lines>
				</class>
				<class branch-rate="1" complexity="0" filename="tests/client.py" line-rate="1" name="client.py">
					<methods/>
					<lines>
						<line hits="1" number="19"/>
						<line hits="1" number="20"/>
						<line hits="1" number="21"/>
						<line hits="1" number="22"/>
						<line hits="1" number="23"/>
						<line hits="1" number="24"/>
						<line hits="1" number="26"/>
						<line hits="1" number="31"/>
						<line hits="1" number="32"/>
						<line hits="1" number="34"/>
						<line hits="1" number="35"/>
						<line hits="1" number="36"/>
						<line hits="1" number="38"/>
						<line hits="1" number="44"/>
						<line hits="1" number="46"/>
						<line hits="1" number="51"/>
						<line hits="1" number="52"/>
						<line hits="1" number="53"/>
						<line hits="1" number="54"/>
						<line hits="1" number="55"/>
						<line hits="1" number="56"/>
						<line hits="1" number="57"/>
						<line hits="1" number="58"/>
						<line hits="1" number="59"/>
						<line hits="1" number="60"/>
						<line hits="1" number="61"/>
						<line hits="1" number="62"/>
						<line hits="1" number="63"/>
						<line hits="1" number="64"/>
						<line hits="1" number="65"/>
						<line hits="1" number="66"/>
						<line hits="1" number="68"/>
						<line hits="1" number="75"/>
						<line hits="1" number="76"/>
						<line hits="1" number="77"/>
						<line hits="1" number="78"/>
						<line hits="1" number="80"/>
						<line hits="1" number="81"/>
						<line hits="1" number="82"/>
						<line hits="1" number="84"/>
						<line hits="1" number="89"/>
						<line hits="1" number="90"/>
						<line hits="1" number="92"/>
						<line hits="1" number="93"/>
						<line hits="1" number="94"/>
						<line hits="1" number="96"/>
						<line hits="1" number="101"/>
						<line hits="1" number="103"/>
						<line hits="1" number="108"/>
						<line hits="1" number="114"/>
						<line hits="1" number="115"/>
						<line hits="1" number="116"/>
						<line hits="1" number="119"/>
						<line hits="1" number="121"/>
						<line hits="1" number="123"/>
						<line hits="1" number="128"/>
						<line hits="1" number="130"/>
						<line hits="1" number="135"/>
						<line hits="1" number="136"/>
						<line hits="1" number="139"/>
						<line hits="1" number="140"/>
						<line hits="1" number="142"/>
						<line hits="1" number="147"/>
						<line hits="1" number="149"/>
						<line hits="1" number="151"/>
						<line hits="1" number="156"/>
						<line branch="true" condition-coverage="100% (2/2)" hits="1" number="157"/>
						<line hits="1" number="158"/>
						<line hits="1" number="160"/>
						<line hits="1" number="165"/>
						<line hits="1" number="167"/>
						<line hits="1" number="170"/>
						<line hits="1" number="171"/>
						<line hits="1" number="172"/>
						<line hits="1" number="173"/>
						<line hits="1" number="175"/>
						<line hits="1" number="180"/>
						<line hits="1" number="181"/>
						<line hits="1" number="183"/>
						<line hits="1" number="185"/>
						<line hits="1" number="187"/>
						<line hits="1" number="188"/>
						<line hits="1" number="189"/>
						<line hits="1" number="190"/>
						<line hits="1" number="191"/>
						<line hits="1" number="193"/>
						<line hits="1" number="198"/>
						<line hits="1" number="200"/>
						<line hits="1" number="202"/>
						<line hits="1" number="203"/>
						<line hits="1" number="204"/>
						<line hits="1" number="205"/>
						<line hits="1" number="207"/>
						<line hits="1" number="212"/>
						<line hits="1" number="213"/>
						<line hits="1" number="214"/>
						<line hits="1" number="216"/>
						<line hits="1" number="217"/>
						<line hits="1" number="218"/>
						<line hits="1" number="220"/>
						<line hits="1" number="225"/>
						<line hits="1" number="239"/>
						<line branch="true" condition-coverage="100% (2/2)" hits="1" number="240"/>
						<line hits="1" number="241"/>
						<line hits="1" number="243"/>
						<line hits="1" number="248"/>
						<line hits="1" number="250"/>
						<line hits="1" number="257"/>
						<line hits="1" number="259"/>
						<line hits="1" number="260"/>
						<line hits="1" number="261"/>
						<line hits="1" number="263"/>
						<line hits="1" number="268"/>
						<line hits="1" number="270"/>
						<line hits="1" number="278"/>
						<line hits="1" number="279"/>
						<line hits="1" number="280"/>
						<line hits="1" number="281"/>
						<line hits="1" number="283"/>
						<line hits="1" number="288"/>
						<line hits="1" number="290"/>
						<line hits="1" number="293"/>
						<line hits="1" number="294"/>
						<line hits="1" number="296"/>
						<line hits="1" number="301"/>
						<line hits="1" number="302"/>
						<line hits="1" number="307"/>
						<line hits="1" number="309"/>
						<line hits="1" number="312"/>
						<line hits="1" number="316"/>
						<line hits="1" number="318"/>
						<line hits="1" number="319"/>
						<line hits="1" number="322"/>
						<line hits="1" number="324"/>
						<line hits="1" number="325"/>
						<line hits="1" number="326"/>
						<line hits="1" number="327"/>
						<line hits="1" number="328"/>
						<line hits="1" number="329"/>
						<line hits="1" number="330"/>
						<line branch="true" condition-coverage="100% (2/2)" hits="1" number="332"/>
						<line hits="1" number="333"/>
						<line hits="1" number="334"/>
						<line hits="1" number="335"/>
						<line hits="1" number="340"/>
						<line hits="1" number="341"/>
						<line hits="1" number="343"/>
						<line hits="1" number="348"/>
						<line hits="1" number="349"/>
						<line hits="1" number="351"/>
						<line hits="1" number="354"/>
						<line hits="1" number="357"/>
						<line hits="1" number="359"/>
						<line hits="1" number="361"/>
						<line hits="1" number="362"/>
						<line hits="1" number="363"/>
						<line hits="1" number="364"/>
						<line hits="1" number="367"/>
						<line hits="1" number="372"/>
						<line hits="1" number="375"/>
						<line hits="1" number="380"/>
						<line hits="1" number="400"/>
						<line hits="1" number="401"/>
						<line hits="1" number="405"/>
						<line hits="1" number="410"/>
						<line hits="1" number="415"/>
						<line hits="1" number="417"/>
						<line hits="1" number="419"/>
						<line hits="1" number="438"/>
						<line hits="1" number="439"/>
						<line hits="1" number="440"/>
						<line hits="1" number="442"/>
						<line hits="1" number="443"/>
						<line hits="1" number="444"/>
						<line hits="1" number="445"/>
						<line hits="1" number="446"/>
						<line hits="1" number="447"/>
						<line hits="1" number="448"/>
						<line hits="1" number="450"/>
						<line hits="1" number="455"/>
						<line hits="1" number="458"/>
						<line hits="1" number="477"/>
						<line hits="1" number="478"/>
						<line hits="1" number="480"/>
						<line hits="1" number="488"/>
						<line hits="1" number="489"/>
						<line hits="1" number="490"/>
						<line hits="1" number="491"/>
						<line hits="1" number="492"/>
						<line hits="1" number="493"/>
						<line hits="1" number="495"/>
						<line hits="1" number="500"/>
						<line hits="1" number="503"/>
						<line hits="1" number="522"/>
						<line hits="1" number="523"/>
						<line hits="1" number="525"/>
						<line hits="1" number="526"/>
						<line hits="1" number="527"/>
						<line hits="1" number="528"/>
						<line hits="1" number="529"/>
						<line hits="1" number="530"/>
						<line hits="1" number="531"/>
						<line hits="1" number="533"/>
						<line hits="1" number="538"/>
						<line hits="1" number="570"/>
						<line hits="1" number="573"/>
					</lines>
				</class>
				<class branch-rate="1" complexity="0" filename="tests/entity.py" line-rate="1" name="entity.py">
					<methods/>
					<lines>
						<line hits="1" number="19"/>
						<line hits="1" number="20"/>
						<line hits="1" number="21"/>
						<line hits="1" number="22"/>
						<line hits="1" number="24"/>
						<line hits="1" number="29"/>
						<line hits="1" number="34"/>
						<line hits="1" number="35"/>
						<line hits="1" number="38"/>
						<line hits="1" number="41"/>
						<line hits="1" number="42"/>
						<line hits="1" number="44"/>
						<line hits="1" number="45"/>
						<line hits="1" number="48"/>
						<line hits="1" number="49"/>
					</lines>
				</class>
				<class branch-rate="1" complexity="0" filename="tests/instance.py" line-rate="1" name="instance.py">
					<methods/>
					<lines>
						<line hits="1" number="19"/>
						<line hits="1" number="20"/>
						<line hits="1" number="21"/>
						<line hits="1" number="22"/>
						<line hits="1" number="23"/>
						<line hits="1" number="25"/>
						<line hits="1" number="30"/>
						<line hits="1" number="31"/>
						<line hits="1" number="32"/>
						<line hits="1" number="33"/>
						<line hits="1" number="40"/>
						<line hits="1" number="46"/>
						<line hits="1" number="47"/>
						<line hits="1" number="48"/>
						<line hits="1" number="50"/>
						<line hits="1" number="51"/>
						<line hits="1" number="52"/>
						<line hits="1" number="59"/>
						<line hits="1" number="61"/>
						<line hits="1" number="66"/>
						<line hits="1" number="67"/>
						<line hits="1" number="68"/>
						<line hits="1" number="70"/>
						<line hits="1" number="75"/>
						<line hits="1" number="76"/>
						<line hits="1" number="77"/>
						<line hits="1" number="82"/>
					</lines>
				</class>
				<class branch-rate="1" complexity="0" filename="tests/utils.py" line-rate="1" name="utils.py">
					<methods/>
					<lines>
						<line hits="1" number="19"/>
						<line hits="1" number="20"/>
						<line branch="true" condition-coverage="100% (2/2)" hits="1" number="22"/>
						<line hits="1" number="23"/>
						<line hits="1" number="28"/>
						<line hits="1" number="29"/>
						<line hits="1" number="30"/>
						<line hits="1" number="31"/>
						<line hits="1" number="33"/>
						<line hits="1" number="38"/>
						<line hits="1" number="40"/>
						<line hits="1" number="49"/>
						<line hits="1" number="51"/>
						<line hits="1" number="52"/>
						<line hits="1" number="54"/>
						<line hits="1" number="59"/>
						<line hits="1" number="65"/>
						<line hits="1" number="67"/>
						<line hits="1" number="73"/>
						<line hits="1" number="75"/>
						<line hits="1" number="76"/>
						<line hits="1" number="78"/>
						<line hits="1" number="80"/>
						<line hits="1" number="81"/>
						<line hits="1" number="85"/>
						<line hits="1" number="87"/>
						<line hits="1" number="92"/>
						<line hits="1" number="97"/>
						<line hits="1" number="98"/>
						<line hits="1" number="99"/>
						<line hits="1" number="100"/>
						<line hits="1" number="101"/>
						<line hits="1" number="102"/>
						<line hits="1" number="104"/>
						<line hits="1" number="109"/>
						<line hits="1" number="110"/>
						<line hits="1" number="112"/>
						<line hits="1" number="114"/>
						<line hits="1" number="115"/>
						<line hits="1" number="116"/>
						<line hits="1" number="118"/>
						<line hits="1" number="119"/>
						<line hits="1" number="120"/>
						<line hits="1" number="121"/>
					</lines>
				</class>
			</classes>
		</package>
	</packages>
</coverage>
